[INFO] Scanning for projects...
[INFO] 
[INFO] -------------< com.smartinventory:smart-inventory-backend >-------------
[INFO] Building smart-inventory-backend 0.0.1-SNAPSHOT
[INFO]   from pom.xml
[INFO] --------------------------------[ jar ]---------------------------------
[INFO] 
[INFO] >>> spring-boot:3.3.5:run (default-cli) > test-compile @ smart-inventory-backend >>>
[INFO] 
[INFO] --- resources:3.3.1:resources (default-resources) @ smart-inventory-backend ---
[INFO] Copying 1 resource from src\main\resources to target\classes
[INFO] Copying 0 resource from src\main\resources to target\classes
[INFO] 
[INFO] --- compiler:3.13.0:compile (default-compile) @ smart-inventory-backend ---
[INFO] Recompiling the module because of added or removed source files.
[INFO] Compiling 8 source files with javac [debug parameters release 17] to target\classes
[INFO] 
[INFO] --- resources:3.3.1:testResources (default-testResources) @ smart-inventory-backend ---
[INFO] skip non existing resourceDirectory C:\Users\adity\Downloads\inventry manegement\inventry manegement\backend\src\test\resources
[INFO] 
[INFO] --- compiler:3.13.0:testCompile (default-testCompile) @ smart-inventory-backend ---
[INFO] No sources to compile
[INFO] 
[INFO] <<< spring-boot:3.3.5:run (default-cli) < test-compile @ smart-inventory-backend <<<
[INFO] 
[INFO] 
[INFO] --- spring-boot:3.3.5:run (default-cli) @ smart-inventory-backend ---
[INFO] Attaching agents: []
Terminate batch job (Y/N)? 
